{
  "RSpec": {
    "coverage": {
      "/Users/code/NTHU/2022_Spring/Service-Security/Nova-Corp/e-testament-api/spec/test_load_all.rb": {
        "lines": [
          null,
          null,
          null,
          null,
          1,
          1,
          null,
          1,
          null,
          1,
          1,
          1,
          null
        ]
      },
      "/Users/code/NTHU/2022_Spring/Service-Security/Nova-Corp/e-testament-api/require_app.rb": {
        "lines": [
          null,
          null,
          null,
          null,
          null,
          null,
          null,
          null,
          null,
          1,
          9,
          2,
          null,
          2,
          108,
          null,
          null
        ]
      },
      "/Users/code/NTHU/2022_Spring/Service-Security/Nova-Corp/e-testament-api/config/environments.rb": {
        "lines": [
          null,
          null,
          1,
          1,
          1,
          1,
          1,
          null,
          1,
          null,
          1,
          1,
          null,
          null,
          1,
          null,
          1,
          null,
          null,
          null,
          1,
          1,
          null,
          null,
          1,
          1,
          1,
          null,
          null,
          1,
          1,
          null,
          null,
          1,
          1,
          1,
          null,
          null,
          null,
          1,
          1,
          1,
          null,
          null,
          null
        ]
      },
      "/Users/code/NTHU/2022_Spring/Service-Security/Nova-Corp/e-testament-api/app/lib/auth_token.rb": {
        "lines": [
          null,
          null,
          1,
          1,
          null,
          null,
          null,
          null,
          null,
          null,
          1,
          1,
          null,
          1,
          1,
          1,
          1,
          1,
          null,
          1,
          1,
          null,
          null,
          1,
          192,
          192,
          191,
          191,
          null,
          null,
          null,
          1,
          92,
          null,
          0,
          null,
          null,
          null,
          1,
          null,
          null,
          1,
          92,
          null,
          null,
          1,
          null,
          null,
          1,
          99,
          99,
          null,
          null,
          1,
          99,
          null,
          null,
          null,
          1,
          99,
          null,
          99,
          99,
          99,
          null,
          null,
          null,
          1,
          192,
          null,
          192,
          191,
          191,
          null,
          1,
          null,
          null
        ]
      },
      "/Users/code/NTHU/2022_Spring/Service-Security/Nova-Corp/e-testament-api/app/lib/securable.rb": {
        "lines": [
          null,
          null,
          1,
          1,
          null,
          null,
          1,
          1,
          null,
          null,
          1,
          1,
          1,
          null,
          null,
          null,
          1,
          3,
          null,
          3,
          null,
          null,
          1,
          null,
          null,
          339,
          null,
          null,
          1,
          null,
          130,
          130,
          null,
          null,
          1,
          null,
          209,
          209,
          null,
          null
        ]
      },
      "/Users/code/NTHU/2022_Spring/Service-Security/Nova-Corp/e-testament-api/app/lib/json_request_body.rb": {
        "lines": [
          null,
          null,
          null,
          1,
          1,
          1,
          null,
          null
        ]
      },
      "/Users/code/NTHU/2022_Spring/Service-Security/Nova-Corp/e-testament-api/app/lib/key_stretch.rb": {
        "lines": [
          null,
          null,
          1,
          1,
          null,
          null,
          1,
          1,
          238,
          null,
          null,
          1,
          343,
          343,
          343,
          null,
          343,
          null,
          null,
          null,
          null,
          null
        ]
      },
      "/Users/code/NTHU/2022_Spring/Service-Security/Nova-Corp/e-testament-api/app/lib/secure_app_message.rb": {
        "lines": [
          null,
          null,
          1,
          null,
          null,
          1,
          1,
          null,
          null,
          1,
          2,
          null,
          2,
          2,
          null,
          null,
          null,
          1,
          0,
          null,
          0,
          0,
          null,
          null
        ]
      },
      "/Users/code/NTHU/2022_Spring/Service-Security/Nova-Corp/e-testament-api/app/lib/secure_db.rb": {
        "lines": [
          null,
          null,
          1,
          null,
          null,
          1,
          1,
          null,
          null,
          1,
          29,
          null,
          29,
          29,
          null,
          null,
          null,
          1,
          18,
          null,
          18,
          18,
          null,
          null
        ]
      },
      "/Users/code/NTHU/2022_Spring/Service-Security/Nova-Corp/e-testament-api/app/lib/shamir_secret_sharing.rb": {
        "lines": [
          null,
          null,
          1,
          1,
          null,
          1,
          null,
          null,
          1,
          1,
          null,
          1,
          0,
          null,
          null,
          1,
          0,
          null,
          null,
          1,
          0,
          null,
          null,
          1,
          0,
          null,
          null,
          1,
          11,
          11,
          474,
          null,
          463,
          null,
          11,
          null,
          null,
          null,
          1,
          6,
          6,
          6,
          6,
          null,
          6,
          6,
          6,
          null,
          6,
          null,
          0,
          null,
          6,
          6,
          null,
          0,
          null,
          0,
          null,
          0,
          null,
          0,
          0,
          null,
          null,
          6,
          41,
          null,
          6,
          124,
          124,
          3054,
          null,
          124,
          null,
          6,
          null,
          null,
          null,
          null,
          1,
          5,
          null,
          5,
          5,
          5,
          null,
          5,
          122,
          122,
          122,
          null,
          5,
          5,
          5,
          null,
          0,
          null,
          null,
          0,
          null,
          0,
          null,
          null,
          null,
          null,
          null,
          null,
          1,
          10276,
          10032,
          10032,
          10032,
          null,
          10032,
          null,
          null,
          null,
          1,
          0,
          0,
          0,
          0,
          0,
          null,
          null,
          0,
          0,
          0,
          null,
          null,
          0,
          null,
          0,
          null,
          0,
          null,
          null,
          null,
          1,
          null,
          1,
          null,
          1,
          null,
          null,
          1,
          1,
          6,
          124,
          124,
          null,
          124,
          null,
          null,
          null,
          null,
          1,
          5,
          null,
          122,
          null,
          0,
          null,
          122,
          null,
          122,
          122,
          null,
          122,
          122,
          null,
          null,
          null,
          null,
          null,
          null,
          1,
          1,
          124,
          null,
          null,
          1,
          122,
          null,
          null,
          null,
          null,
          null
        ]
      },
      "/Users/code/NTHU/2022_Spring/Service-Security/Nova-Corp/e-testament-api/app/lib/signed_request.rb": {
        "lines": [
          null,
          null,
          1,
          1,
          null,
          null,
          1,
          1,
          null,
          1,
          9,
          9,
          null,
          null,
          1,
          0,
          0,
          null,
          0,
          null,
          null,
          null,
          1,
          5,
          5,
          null,
          null,
          null,
          1,
          4,
          4,
          null,
          4,
          null,
          4,
          null,
          null,
          1,
          null,
          1,
          5,
          4,
          4,
          null,
          1,
          null,
          null
        ]
      },
      "/Users/code/NTHU/2022_Spring/Service-Security/Nova-Corp/e-testament-api/app/exceptions/bad_request_error.rb": {
        "lines": [
          null,
          null,
          1,
          1,
          null,
          1,
          1,
          5,
          5,
          5,
          null,
          null,
          null,
          null
        ]
      },
      "/Users/code/NTHU/2022_Spring/Service-Security/Nova-Corp/e-testament-api/app/exceptions/duplicate_entry_error.rb": {
        "lines": [
          null,
          null,
          1,
          1,
          null,
          1,
          1,
          0,
          0,
          0,
          null,
          null,
          null,
          null
        ]
      },
      "/Users/code/NTHU/2022_Spring/Service-Security/Nova-Corp/e-testament-api/app/exceptions/email_provider_error.rb": {
        "lines": [
          null,
          null,
          1,
          1,
          null,
          1,
          1,
          0,
          0,
          null,
          null,
          null,
          null
        ]
      },
      "/Users/code/NTHU/2022_Spring/Service-Security/Nova-Corp/e-testament-api/app/exceptions/forbidden_error.rb": {
        "lines": [
          null,
          null,
          1,
          1,
          null,
          1,
          1,
          12,
          12,
          12,
          null,
          null,
          null,
          null
        ]
      },
      "/Users/code/NTHU/2022_Spring/Service-Security/Nova-Corp/e-testament-api/app/exceptions/not_found_error.rb": {
        "lines": [
          null,
          null,
          1,
          1,
          null,
          1,
          1,
          12,
          12,
          12,
          null,
          null,
          null,
          null
        ]
      },
      "/Users/code/NTHU/2022_Spring/Service-Security/Nova-Corp/e-testament-api/app/exceptions/owner_not_heir_error.rb": {
        "lines": [
          null,
          null,
          1,
          1,
          null,
          1,
          1,
          null,
          null,
          null
        ]
      },
      "/Users/code/NTHU/2022_Spring/Service-Security/Nova-Corp/e-testament-api/app/exceptions/unauthorized_error.rb": {
        "lines": [
          null,
          null,
          1,
          1,
          null,
          1,
          1,
          3,
          3,
          null,
          null,
          1,
          0,
          null,
          null,
          null,
          null
        ]
      },
      "/Users/code/NTHU/2022_Spring/Service-Security/Nova-Corp/e-testament-api/app/models/account.rb": {
        "lines": [
          null,
          null,
          1,
          1,
          1,
          null,
          1,
          null,
          1,
          1,
          1,
          null,
          1,
          1,
          null,
          1,
          1,
          null,
          1,
          null,
          1,
          1,
          1,
          null,
          1,
          null,
          1,
          232,
          null,
          null,
          1,
          103,
          103,
          null,
          null,
          1,
          1,
          null,
          null,
          1,
          0,
          0,
          null,
          null,
          null,
          1,
          null,
          814,
          null,
          null,
          null,
          null,
          null,
          null,
          null,
          null,
          null,
          null,
          null,
          null,
          null,
          1,
          0,
          null,
          null,
          null,
          null,
          null,
          null,
          null,
          null,
          1,
          814,
          null,
          null,
          null
        ]
      },
      "/Users/code/NTHU/2022_Spring/Service-Security/Nova-Corp/e-testament-api/app/models/password.rb": {
        "lines": [
          null,
          null,
          1,
          1,
          null,
          1,
          null,
          1,
          1,
          null,
          1,
          343,
          343,
          null,
          null,
          1,
          105,
          105,
          null,
          null,
          1,
          238,
          null,
          null,
          null,
          null,
          1,
          null,
          1,
          238,
          238,
          238,
          null,
          null,
          1,
          105,
          105,
          105,
          105,
          null,
          null,
          null
        ]
      },
      "/Users/code/NTHU/2022_Spring/Service-Security/Nova-Corp/e-testament-api/app/models/document.rb": {
        "lines": [
          null,
          null,
          1,
          1,
          null,
          1,
          null,
          1,
          1,
          null,
          1,
          1,
          1,
          1,
          null,
          null,
          1,
          11,
          null,
          null,
          1,
          14,
          null,
          null,
          1,
          5,
          null,
          null,
          1,
          12,
          null,
          null,
          1,
          null,
          11,
          null,
          null,
          null,
          null,
          null,
          null,
          null,
          null,
          null,
          null,
          1,
          5,
          null,
          null,
          null,
          null,
          null,
          null,
          null,
          1,
          6,
          null,
          null,
          null
        ]
      },
      "/Users/code/NTHU/2022_Spring/Service-Security/Nova-Corp/e-testament-api/app/models/heir.rb": {
        "lines": [
          null,
          null,
          1,
          1,
          null,
          1,
          null,
          1,
          1,
          1,
          null,
          1,
          null,
          1,
          null,
          1,
          1,
          1,
          1,
          null,
          null,
          1,
          24,
          24,
          null,
          0,
          null,
          null,
          null,
          1,
          0,
          null,
          null,
          1,
          2,
          null,
          null,
          1,
          0,
          0,
          null,
          null,
          1,
          12,
          null,
          null,
          null,
          1,
          null,
          12,
          null,
          null,
          null,
          null,
          null,
          null,
          null,
          null,
          null,
          null,
          null,
          null,
          null,
          null,
          1,
          0,
          null,
          null,
          null,
          null,
          null,
          null,
          null,
          null,
          1,
          12,
          null,
          null,
          null
        ]
      },
      "/Users/code/NTHU/2022_Spring/Service-Security/Nova-Corp/e-testament-api/app/models/pending_executor_account.rb": {
        "lines": [
          null,
          null,
          1,
          1,
          null,
          1,
          null,
          1,
          1,
          1,
          null,
          1,
          1,
          1,
          1,
          null,
          1,
          null,
          0,
          null,
          null,
          null,
          null,
          null,
          null,
          null,
          null,
          null,
          1,
          0,
          null,
          null,
          null,
          null,
          null,
          null,
          null,
          1,
          0,
          null,
          null,
          null
        ]
      },
      "/Users/code/NTHU/2022_Spring/Service-Security/Nova-Corp/e-testament-api/app/models/property.rb": {
        "lines": [
          null,
          null,
          1,
          1,
          null,
          1,
          null,
          1,
          1,
          1,
          null,
          1,
          1,
          null,
          1,
          null,
          1,
          1,
          1,
          1,
          null,
          null,
          1,
          null,
          12,
          null,
          null,
          null,
          null,
          null,
          null,
          null,
          null,
          null,
          null,
          null,
          null,
          1,
          0,
          null,
          null,
          null,
          null,
          null,
          null,
          null,
          null,
          null,
          1,
          12,
          null,
          null,
          1,
          8,
          null,
          8,
          null,
          null,
          null,
          null,
          null,
          null,
          null,
          null,
          null,
          null
        ]
      },
      "/Users/code/NTHU/2022_Spring/Service-Security/Nova-Corp/e-testament-api/app/models/property_heir.rb": {
        "lines": [
          null,
          null,
          1,
          1,
          null,
          1,
          null,
          1,
          1,
          1,
          null,
          1,
          1,
          1,
          1,
          null,
          1,
          null,
          3,
          null,
          null,
          null,
          null,
          null,
          null,
          null,
          null,
          null,
          1,
          2,
          null,
          null,
          null,
          null,
          null,
          null,
          null,
          1,
          1,
          null,
          null,
          null
        ]
      },
      "/Users/code/NTHU/2022_Spring/Service-Security/Nova-Corp/e-testament-api/app/models/property_type.rb": {
        "lines": [
          null,
          null,
          1,
          1,
          null,
          1,
          null,
          1,
          1,
          null,
          1,
          null,
          1,
          1,
          1,
          1,
          null,
          1,
          null,
          10,
          null,
          null,
          null,
          null,
          null,
          null,
          null,
          null,
          1,
          0,
          null,
          null,
          null,
          null,
          null,
          null,
          1,
          10,
          null,
          null,
          null
        ]
      },
      "/Users/code/NTHU/2022_Spring/Service-Security/Nova-Corp/e-testament-api/app/models/relation.rb": {
        "lines": [
          null,
          null,
          1,
          1,
          null,
          1,
          null,
          1,
          1,
          null,
          1,
          null,
          1,
          1,
          1,
          1,
          null,
          1,
          null,
          0,
          null,
          null,
          null,
          null,
          null,
          null,
          null,
          null,
          1,
          0,
          null,
          null,
          null,
          null,
          null,
          null,
          1,
          0,
          null,
          null,
          null
        ]
      },
      "/Users/code/NTHU/2022_Spring/Service-Security/Nova-Corp/e-testament-api/app/services/account/authenticate.rb": {
        "lines": [
          null,
          null,
          1,
          1,
          1,
          null,
          1,
          1,
          102,
          102,
          null,
          99,
          null,
          3,
          null,
          null,
          1,
          null,
          99,
          null,
          null,
          null,
          null,
          null,
          null,
          null,
          null,
          null,
          null
        ]
      },
      "/Users/code/NTHU/2022_Spring/Service-Security/Nova-Corp/e-testament-api/app/services/account/authenticate_google.rb": {
        "lines": [
          null,
          null,
          1,
          null,
          1,
          1,
          1,
          null,
          1,
          1,
          0,
          0,
          0,
          0,
          null,
          0,
          null,
          null,
          0,
          null,
          0,
          null,
          null,
          1,
          0,
          0,
          0,
          0,
          0,
          0,
          0,
          0,
          null,
          0,
          null,
          null,
          1,
          null,
          0,
          null,
          null,
          null,
          null,
          null,
          null,
          null,
          null,
          null,
          null
        ]
      },
      "/Users/code/NTHU/2022_Spring/Service-Security/Nova-Corp/e-testament-api/app/services/account/create_account.rb": {
        "lines": [
          null,
          null,
          1,
          1,
          1,
          null,
          1,
          1,
          2,
          2,
          null,
          2,
          1,
          null,
          1,
          1,
          null,
          null,
          1,
          null,
          null,
          null,
          null,
          null
        ]
      },
      "/Users/code/NTHU/2022_Spring/Service-Security/Nova-Corp/e-testament-api/app/services/account/get_account.rb": {
        "lines": [
          null,
          null,
          1,
          1,
          1,
          null,
          1,
          1,
          null,
          2,
          2,
          null,
          null,
          2,
          2,
          null,
          null,
          1,
          null,
          null,
          null,
          null,
          null
        ]
      },
      "/Users/code/NTHU/2022_Spring/Service-Security/Nova-Corp/e-testament-api/app/services/account/testament/complete.rb": {
        "lines": [
          null,
          null,
          1,
          1,
          1,
          1,
          null,
          1,
          null,
          1,
          null,
          3,
          3,
          null,
          null,
          3,
          null,
          null,
          null,
          null,
          3,
          0,
          null,
          null,
          null,
          null,
          3,
          12,
          null,
          null,
          3,
          1,
          null,
          null,
          2,
          0,
          null,
          null,
          null,
          2,
          0,
          null,
          null,
          2,
          null,
          null,
          2,
          null,
          null,
          null,
          null,
          null,
          null,
          null
        ]
      },
      "/Users/code/NTHU/2022_Spring/Service-Security/Nova-Corp/e-testament-api/app/services/account/testament/read.rb": {
        "lines": [
          null,
          null,
          1,
          1,
          1,
          1,
          null,
          1,
          null,
          1,
          null,
          0,
          0,
          null,
          null,
          0,
          null,
          null,
          null,
          null,
          0,
          0,
          null,
          null,
          null,
          0,
          null,
          null,
          0,
          null,
          null,
          null,
          null,
          null,
          null,
          null
        ]
      },
      "/Users/code/NTHU/2022_Spring/Service-Security/Nova-Corp/e-testament-api/app/services/account/testament/release.rb": {
        "lines": [
          null,
          null,
          1,
          1,
          1,
          1,
          null,
          1,
          null,
          1,
          null,
          1,
          1,
          null,
          null,
          1,
          null,
          null,
          null,
          null,
          1,
          0,
          null,
          null,
          null,
          1,
          null,
          null,
          1,
          null,
          null,
          null,
          null,
          null,
          null,
          null
        ]
      },
      "/Users/code/NTHU/2022_Spring/Service-Security/Nova-Corp/e-testament-api/app/services/account/testament/set_under_edition.rb": {
        "lines": [
          null,
          null,
          1,
          1,
          1,
          1,
          null,
          1,
          null,
          1,
          null,
          0,
          0,
          null,
          null,
          0,
          null,
          null,
          null,
          null,
          0,
          0,
          null,
          null,
          0,
          null,
          null,
          0,
          null,
          null,
          null,
          null,
          null,
          null,
          null
        ]
      },
      "/Users/code/NTHU/2022_Spring/Service-Security/Nova-Corp/e-testament-api/app/services/account/verify_registration.rb": {
        "lines": [
          null,
          null,
          1,
          null,
          1,
          1,
          1,
          null,
          null,
          null,
          null,
          null,
          null,
          1,
          1,
          0,
          null,
          null,
          1,
          null,
          1,
          0,
          0,
          null,
          0,
          null,
          null,
          1,
          0,
          null,
          null,
          1,
          0,
          null,
          null,
          1,
          0,
          null,
          null,
          null,
          null,
          null,
          null,
          null,
          1,
          null,
          0,
          null,
          null,
          null,
          null,
          null,
          null,
          null,
          null,
          null,
          null,
          null,
          null,
          null,
          null
        ]
      },
      "/Users/code/NTHU/2022_Spring/Service-Security/Nova-Corp/e-testament-api/app/services/executors/cancel_executor_request.rb": {
        "lines": [
          null,
          null,
          1,
          1,
          1,
          null,
          null,
          1,
          1,
          3,
          null,
          3,
          null,
          3,
          null,
          1,
          null,
          1,
          null,
          null,
          null,
          null,
          null
        ]
      },
      "/Users/code/NTHU/2022_Spring/Service-Security/Nova-Corp/e-testament-api/app/services/executors/create_executor_request.rb": {
        "lines": [
          null,
          null,
          1,
          1,
          1,
          null,
          null,
          1,
          null,
          1,
          null,
          9,
          1,
          null,
          null,
          null,
          8,
          null,
          null,
          8,
          8,
          8,
          null,
          null,
          8,
          null,
          0,
          null,
          null,
          0,
          null,
          null,
          8,
          null,
          8,
          8,
          null,
          null,
          8,
          null,
          null,
          null,
          null,
          null,
          null,
          null,
          null
        ]
      },
      "/Users/code/NTHU/2022_Spring/Service-Security/Nova-Corp/e-testament-api/app/services/executors/get_executer.rb": {
        "lines": [
          null,
          null,
          1,
          1,
          1,
          null,
          null,
          1,
          1,
          2,
          null,
          null,
          null,
          null,
          null
        ]
      },
      "/Users/code/NTHU/2022_Spring/Service-Security/Nova-Corp/e-testament-api/app/services/executors/get_pending_executors.rb": {
        "lines": [
          null,
          null,
          1,
          1,
          1,
          null,
          1,
          1,
          1,
          1,
          null,
          1,
          null,
          1,
          null,
          null,
          null,
          null,
          null
        ]
      },
      "/Users/code/NTHU/2022_Spring/Service-Security/Nova-Corp/e-testament-api/app/services/executors/send_cancel_request.rb": {
        "lines": [
          null,
          null,
          1,
          null,
          1,
          1,
          1,
          null,
          null,
          null,
          null,
          null,
          null,
          1,
          1,
          1,
          1,
          null,
          null,
          1,
          null,
          1,
          null,
          1,
          1,
          null,
          null,
          1,
          1,
          null,
          null,
          null,
          null,
          null,
          1,
          null,
          1,
          null,
          null,
          null,
          null,
          null,
          null,
          null,
          null,
          null,
          null,
          null,
          null,
          null,
          null
        ]
      },
      "/Users/code/NTHU/2022_Spring/Service-Security/Nova-Corp/e-testament-api/app/services/executors/send_invitation.rb": {
        "lines": [
          null,
          null,
          1,
          null,
          1,
          1,
          1,
          null,
          null,
          null,
          null,
          null,
          null,
          1,
          1,
          8,
          8,
          null,
          null,
          1,
          null,
          1,
          null,
          1,
          8,
          null,
          null,
          1,
          8,
          null,
          null,
          null,
          null,
          null,
          null,
          1,
          null,
          8,
          null,
          null,
          null,
          null,
          null,
          null,
          null,
          null,
          null,
          null,
          null,
          null,
          null,
          null
        ]
      },
      "/Users/code/NTHU/2022_Spring/Service-Security/Nova-Corp/e-testament-api/app/services/executors/send_regis_invitation.rb": {
        "lines": [
          null,
          null,
          1,
          null,
          1,
          1,
          1,
          null,
          1,
          1,
          0,
          0,
          null,
          null,
          1,
          null,
          1,
          0,
          null,
          null,
          1,
          0,
          null,
          null,
          null,
          null,
          null,
          null,
          1,
          null,
          0,
          null,
          null,
          null,
          null,
          null,
          null,
          null,
          null,
          null,
          null,
          null,
          null,
          null,
          null
        ]
      },
      "/Users/code/NTHU/2022_Spring/Service-Security/Nova-Corp/e-testament-api/app/services/executors/send_unassign_executor.rb": {
        "lines": [
          null,
          null,
          1,
          null,
          1,
          1,
          1,
          null,
          null,
          null,
          null,
          null,
          null,
          1,
          1,
          1,
          1,
          null,
          null,
          1,
          null,
          1,
          null,
          1,
          1,
          null,
          null,
          1,
          1,
          null,
          null,
          null,
          null,
          null,
          1,
          null,
          1,
          null,
          null,
          null,
          null,
          null,
          null,
          null,
          null,
          null,
          null,
          null,
          null,
          null,
          null
        ]
      },
      "/Users/code/NTHU/2022_Spring/Service-Security/Nova-Corp/e-testament-api/app/services/executors/unassign_executor.rb": {
        "lines": [
          null,
          null,
          1,
          1,
          1,
          null,
          null,
          1,
          1,
          1,
          1,
          null,
          1,
          null,
          1,
          null,
          1,
          1,
          null,
          null,
          null,
          null,
          null
        ]
      },
      "/Users/code/NTHU/2022_Spring/Service-Security/Nova-Corp/e-testament-api/app/services/heirs/create_heir.rb": {
        "lines": [
          null,
          null,
          1,
          1,
          1,
          null,
          1,
          null,
          1,
          261,
          null,
          261,
          null,
          null,
          null,
          null,
          261,
          0,
          null,
          null,
          null,
          334,
          1,
          null,
          null,
          null,
          260,
          260,
          null,
          260,
          null,
          null,
          null,
          null,
          null,
          null
        ]
      },
      "/Users/code/NTHU/2022_Spring/Service-Security/Nova-Corp/e-testament-api/app/services/heirs/delete_heir.rb": {
        "lines": [
          null,
          null,
          1,
          null,
          1,
          1,
          null,
          1,
          null,
          1,
          null,
          2,
          null,
          null,
          null,
          null,
          2,
          null,
          null,
          1,
          0,
          null,
          1,
          null,
          null,
          null,
          null,
          null,
          null
        ]
      },
      "/Users/code/NTHU/2022_Spring/Service-Security/Nova-Corp/e-testament-api/app/services/heirs/get_heir.rb": {
        "lines": [
          null,
          null,
          1,
          1,
          1,
          null,
          1,
          1,
          null,
          4,
          null,
          null,
          null,
          4,
          null,
          null,
          3,
          null,
          null,
          null,
          null,
          null
        ]
      },
      "/Users/code/NTHU/2022_Spring/Service-Security/Nova-Corp/e-testament-api/app/services/heirs/get_heirs.rb": {
        "lines": [
          null,
          null,
          1,
          1,
          1,
          null,
          1,
          1,
          3,
          null,
          3,
          null,
          null,
          null,
          null,
          3,
          1,
          null,
          null,
          null,
          2,
          null,
          null,
          null,
          null,
          null
        ]
      },
      "/Users/code/NTHU/2022_Spring/Service-Security/Nova-Corp/e-testament-api/app/services/heirs/send_key_url.rb": {
        "lines": [
          null,
          null,
          1,
          1,
          1,
          null,
          1,
          1,
          2,
          2,
          2,
          2,
          null,
          null,
          1,
          2,
          null,
          null,
          1,
          2,
          null,
          null,
          1,
          4,
          null,
          null,
          1,
          2,
          null,
          null,
          1,
          null,
          1,
          null,
          1,
          2,
          null,
          null,
          1,
          2,
          null,
          null,
          null,
          null,
          null,
          null,
          null,
          null,
          null,
          null,
          null,
          1,
          null,
          2,
          null,
          null,
          null,
          null,
          null,
          null,
          null,
          null,
          null,
          null,
          null,
          null,
          null,
          null
        ]
      },
      "/Users/code/NTHU/2022_Spring/Service-Security/Nova-Corp/e-testament-api/app/services/heirs/update_heir.rb": {
        "lines": [
          null,
          null,
          1,
          1,
          1,
          null,
          1,
          null,
          1,
          null,
          3,
          null,
          null,
          null,
          3,
          null,
          2,
          2,
          5,
          null,
          1,
          null,
          null,
          null,
          null,
          1,
          null,
          null,
          null,
          null,
          null,
          null
        ]
      },
      "/Users/code/NTHU/2022_Spring/Service-Security/Nova-Corp/e-testament-api/app/services/heirs/update_individual_key.rb": {
        "lines": [
          null,
          null,
          1,
          1,
          1,
          null,
          1,
          1,
          null,
          2,
          null,
          null,
          null,
          2,
          0,
          null,
          null,
          null,
          null,
          2,
          null,
          null,
          2,
          null,
          null,
          null,
          null,
          null
        ]
      },
      "/Users/code/NTHU/2022_Spring/Service-Security/Nova-Corp/e-testament-api/app/services/properties/create_property.rb": {
        "lines": [
          null,
          null,
          1,
          1,
          1,
          null,
          1,
          null,
          1,
          226,
          null,
          226,
          null,
          null,
          null,
          226,
          0,
          null,
          null,
          null,
          286,
          1,
          null,
          null,
          null,
          225,
          null,
          225,
          null,
          225,
          null,
          null,
          null,
          null,
          null,
          null
        ]
      },
      "/Users/code/NTHU/2022_Spring/Service-Security/Nova-Corp/e-testament-api/app/services/properties/delete_property.rb": {
        "lines": [
          null,
          null,
          1,
          1,
          1,
          null,
          1,
          null,
          1,
          1,
          null,
          null,
          null,
          1,
          0,
          null,
          null,
          null,
          1,
          0,
          null,
          null,
          1,
          0,
          null,
          null,
          1,
          null,
          null,
          null,
          null,
          null,
          null
        ]
      },
      "/Users/code/NTHU/2022_Spring/Service-Security/Nova-Corp/e-testament-api/app/services/properties/documents/create_document.rb": {
        "lines": [
          null,
          null,
          1,
          1,
          1,
          null,
          1,
          null,
          1,
          3,
          null,
          null,
          null,
          3,
          0,
          null,
          null,
          4,
          0,
          null,
          null,
          null,
          3,
          3,
          null,
          3,
          null,
          null,
          null,
          null,
          null,
          null
        ]
      },
      "/Users/code/NTHU/2022_Spring/Service-Security/Nova-Corp/e-testament-api/app/services/properties/documents/delete_document.rb": {
        "lines": [
          null,
          null,
          1,
          1,
          1,
          null,
          1,
          1,
          1,
          null,
          null,
          null,
          1,
          0,
          null,
          null,
          1,
          1,
          1,
          null,
          null,
          null,
          null,
          null
        ]
      },
      "/Users/code/NTHU/2022_Spring/Service-Security/Nova-Corp/e-testament-api/app/services/properties/documents/get_document.rb": {
        "lines": [
          null,
          null,
          1,
          1,
          1,
          null,
          1,
          1,
          5,
          null,
          null,
          null,
          null,
          5,
          null,
          5,
          null,
          null,
          null,
          null,
          null
        ]
      },
      "/Users/code/NTHU/2022_Spring/Service-Security/Nova-Corp/e-testament-api/app/services/properties/documents/get_documents.rb": {
        "lines": [
          null,
          null,
          1,
          1,
          1,
          null,
          1,
          1,
          1,
          null,
          null,
          null,
          null,
          1,
          null,
          1,
          1,
          null,
          1,
          null,
          null,
          null,
          null,
          null
        ]
      },
      "/Users/code/NTHU/2022_Spring/Service-Security/Nova-Corp/e-testament-api/app/services/properties/documents/update_document.rb": {
        "lines": [
          null,
          null,
          1,
          1,
          1,
          null,
          1,
          null,
          1,
          2,
          null,
          null,
          null,
          null,
          2,
          0,
          null,
          null,
          null,
          2,
          2,
          null,
          0,
          null,
          null,
          null,
          2,
          null,
          null,
          null,
          null,
          null,
          null
        ]
      },
      "/Users/code/NTHU/2022_Spring/Service-Security/Nova-Corp/e-testament-api/app/services/properties/get_properties.rb": {
        "lines": [
          null,
          null,
          1,
          1,
          1,
          null,
          1,
          1,
          1,
          null,
          1,
          null,
          null,
          null,
          1,
          0,
          null,
          null,
          null,
          1,
          null,
          null,
          null,
          null,
          null
        ]
      },
      "/Users/code/NTHU/2022_Spring/Service-Security/Nova-Corp/e-testament-api/app/services/properties/get_property.rb": {
        "lines": [
          null,
          null,
          1,
          1,
          1,
          null,
          1,
          1,
          2,
          null,
          null,
          null,
          2,
          0,
          null,
          null,
          null,
          2,
          null,
          null,
          null,
          null,
          null
        ]
      },
      "/Users/code/NTHU/2022_Spring/Service-Security/Nova-Corp/e-testament-api/app/services/properties/update_property.rb": {
        "lines": [
          null,
          null,
          1,
          1,
          1,
          null,
          null,
          1,
          null,
          1,
          2,
          null,
          null,
          2,
          0,
          null,
          null,
          null,
          2,
          2,
          4,
          null,
          0,
          null,
          null,
          null,
          2,
          null,
          null,
          null,
          null,
          null,
          null
        ]
      },
      "/Users/code/NTHU/2022_Spring/Service-Security/Nova-Corp/e-testament-api/app/services/property_heirs/associate_property_heir.rb": {
        "lines": [
          null,
          null,
          1,
          1,
          1,
          null,
          1,
          null,
          1,
          null,
          229,
          null,
          null,
          null,
          null,
          null,
          229,
          3,
          null,
          null,
          null,
          226,
          0,
          226,
          0,
          null,
          null,
          null,
          226,
          null,
          226,
          null,
          226,
          null,
          null,
          null,
          null,
          null,
          null
        ]
      },
      "/Users/code/NTHU/2022_Spring/Service-Security/Nova-Corp/e-testament-api/app/services/property_heirs/delete_association_between_property_and_heir.rb": {
        "lines": [
          null,
          null,
          1,
          1,
          1,
          null,
          1,
          null,
          1,
          null,
          3,
          null,
          null,
          null,
          null,
          null,
          3,
          2,
          null,
          null,
          null,
          1,
          0,
          null,
          null,
          1,
          null,
          null,
          null,
          null,
          null,
          null
        ]
      },
      "/Users/code/NTHU/2022_Spring/Service-Security/Nova-Corp/e-testament-api/app/services/property_heirs/get_heirs_associated_to_property.rb": {
        "lines": [
          null,
          null,
          1,
          1,
          1,
          null,
          1,
          1,
          null,
          2,
          null,
          null,
          null,
          null,
          null,
          2,
          1,
          null,
          null,
          null,
          1,
          null,
          null,
          null,
          null,
          null
        ]
      },
      "/Users/code/NTHU/2022_Spring/Service-Security/Nova-Corp/e-testament-api/app/services/property_heirs/get_properties_associated_to_heir.rb": {
        "lines": [
          null,
          null,
          1,
          1,
          1,
          null,
          1,
          1,
          null,
          2,
          null,
          null,
          null,
          null,
          null,
          2,
          1,
          null,
          null,
          null,
          1,
          null,
          null,
          null,
          null,
          null
        ]
      },
      "/Users/code/NTHU/2022_Spring/Service-Security/Nova-Corp/e-testament-api/app/services/property_heirs/get_properties_with_heir_distribution.rb": {
        "lines": [
          null,
          null,
          1,
          1,
          1,
          null,
          1,
          null,
          1,
          1,
          null,
          1,
          null,
          null,
          null,
          null,
          null,
          null,
          1,
          0,
          null,
          null,
          null,
          1,
          2,
          null,
          null,
          null,
          null,
          null,
          null,
          null,
          null,
          null
        ]
      },
      "/Users/code/NTHU/2022_Spring/Service-Security/Nova-Corp/e-testament-api/app/services/property_heirs/update_property_heir.rb": {
        "lines": [
          null,
          null,
          1,
          1,
          1,
          null,
          1,
          null,
          1,
          null,
          0,
          null,
          null,
          null,
          null,
          null,
          null,
          0,
          0,
          null,
          null,
          null,
          0,
          null,
          0,
          null,
          0,
          0,
          null,
          null,
          null,
          0,
          null,
          0,
          0,
          null,
          null,
          null,
          0,
          0,
          null,
          null,
          null,
          0,
          null,
          null,
          null,
          null,
          null,
          null
        ]
      },
      "/Users/code/NTHU/2022_Spring/Service-Security/Nova-Corp/e-testament-api/app/services/property_types/create_property_type.rb": {
        "lines": [
          null,
          null,
          1,
          1,
          1,
          null,
          1,
          1,
          0,
          0,
          null,
          0,
          null,
          null,
          null,
          null,
          null
        ]
      },
      "/Users/code/NTHU/2022_Spring/Service-Security/Nova-Corp/e-testament-api/app/services/property_types/get_property_types.rb": {
        "lines": [
          null,
          null,
          1,
          1,
          1,
          null,
          1,
          1,
          1,
          null,
          null,
          null,
          null,
          null
        ]
      },
      "/Users/code/NTHU/2022_Spring/Service-Security/Nova-Corp/e-testament-api/app/services/relations/create_relation.rb": {
        "lines": [
          null,
          null,
          1,
          1,
          1,
          null,
          1,
          1,
          0,
          0,
          null,
          0,
          null,
          null,
          null,
          null,
          null
        ]
      },
      "/Users/code/NTHU/2022_Spring/Service-Security/Nova-Corp/e-testament-api/app/services/relations/get_relations.rb": {
        "lines": [
          null,
          null,
          1,
          1,
          1,
          null,
          1,
          1,
          0,
          null,
          null,
          null,
          null,
          null
        ]
      },
      "/Users/code/NTHU/2022_Spring/Service-Security/Nova-Corp/e-testament-api/app/services/sendgrid/send_email.rb": {
        "lines": [
          null,
          null,
          1,
          null,
          1,
          1,
          1,
          null,
          null,
          null,
          1,
          1,
          null,
          1,
          null,
          1,
          15,
          0,
          null,
          0,
          null,
          null,
          0,
          null,
          null,
          null,
          null,
          null,
          null
        ]
      },
      "/Users/code/NTHU/2022_Spring/Service-Security/Nova-Corp/e-testament-api/app/services/testators/accept_testator_request.rb": {
        "lines": [
          null,
          null,
          1,
          1,
          1,
          null,
          null,
          1,
          1,
          null,
          2,
          2,
          null,
          2,
          2,
          null,
          null,
          2,
          null,
          null,
          2,
          null,
          null,
          2,
          2,
          2,
          null,
          null,
          2,
          null,
          null,
          null,
          null,
          null
        ]
      },
      "/Users/code/NTHU/2022_Spring/Service-Security/Nova-Corp/e-testament-api/app/services/testators/get_request_testator.rb": {
        "lines": [
          null,
          null,
          1,
          1,
          1,
          null,
          1,
          1,
          1,
          0,
          null,
          1,
          null,
          null,
          null,
          null,
          null,
          null
        ]
      },
      "/Users/code/NTHU/2022_Spring/Service-Security/Nova-Corp/e-testament-api/app/services/testators/get_testator.rb": {
        "lines": [
          null,
          null,
          1,
          1,
          1,
          null,
          1,
          1,
          2,
          null,
          1,
          null,
          1,
          null,
          null,
          null,
          null,
          null
        ]
      },
      "/Users/code/NTHU/2022_Spring/Service-Security/Nova-Corp/e-testament-api/app/services/testators/get_testators.rb": {
        "lines": [
          null,
          null,
          1,
          1,
          1,
          null,
          1,
          1,
          1,
          1,
          null,
          null,
          null,
          null,
          null
        ]
      },
      "/Users/code/NTHU/2022_Spring/Service-Security/Nova-Corp/e-testament-api/app/services/testators/read_testator_testament.rb": {
        "lines": [
          null,
          null,
          1,
          1,
          1,
          null,
          null,
          null,
          1,
          1,
          0,
          null,
          0,
          null,
          0,
          0,
          null,
          null,
          null,
          0,
          null,
          null,
          0,
          0,
          0,
          null,
          null,
          null,
          0,
          null,
          null,
          null,
          null,
          null,
          null
        ]
      },
      "/Users/code/NTHU/2022_Spring/Service-Security/Nova-Corp/e-testament-api/app/services/testators/reject_testator_request.rb": {
        "lines": [
          null,
          null,
          1,
          1,
          1,
          null,
          null,
          1,
          1,
          null,
          1,
          null,
          1,
          null,
          1,
          1,
          null,
          null,
          1,
          null,
          null,
          1,
          1,
          1,
          null,
          null,
          1,
          null,
          null,
          null,
          null,
          null
        ]
      },
      "/Users/code/NTHU/2022_Spring/Service-Security/Nova-Corp/e-testament-api/app/services/testators/release_testator_testament.rb": {
        "lines": [
          null,
          null,
          1,
          1,
          1,
          null,
          null,
          1,
          1,
          null,
          null,
          1,
          null,
          1,
          1,
          1,
          null,
          null,
          1,
          null,
          null,
          null,
          null,
          1,
          0,
          null,
          null,
          null,
          1,
          1,
          1,
          null,
          null,
          null,
          1,
          null,
          null,
          1,
          2,
          2,
          2,
          null,
          null,
          null,
          null,
          null,
          null,
          null
        ]
      },
      "/Users/code/NTHU/2022_Spring/Service-Security/Nova-Corp/e-testament-api/app/services/testators/send_accept_testator_request.rb": {
        "lines": [
          null,
          null,
          1,
          null,
          1,
          1,
          1,
          null,
          null,
          null,
          null,
          null,
          null,
          1,
          1,
          2,
          2,
          null,
          null,
          1,
          null,
          1,
          null,
          1,
          2,
          null,
          null,
          1,
          2,
          null,
          null,
          null,
          null,
          null,
          1,
          null,
          2,
          null,
          null,
          null,
          null,
          null,
          null,
          null,
          null,
          null,
          null,
          null,
          null,
          null,
          null
        ]
      },
      "/Users/code/NTHU/2022_Spring/Service-Security/Nova-Corp/e-testament-api/app/services/testators/send_heirs_keys.rb": {
        "lines": [
          null,
          null,
          1,
          null,
          1,
          1,
          1,
          null,
          null,
          null,
          null,
          null,
          null,
          1,
          1,
          0,
          0,
          0,
          null,
          null,
          1,
          null,
          1,
          null,
          1,
          0,
          null,
          null,
          1,
          0,
          null,
          null,
          null,
          null,
          null,
          1,
          null,
          0,
          null,
          null,
          null,
          null,
          null,
          null,
          null,
          null,
          null,
          null,
          null,
          null,
          null,
          null
        ]
      },
      "/Users/code/NTHU/2022_Spring/Service-Security/Nova-Corp/e-testament-api/app/services/testators/send_reject_testator_request.rb": {
        "lines": [
          null,
          null,
          1,
          null,
          1,
          1,
          1,
          null,
          null,
          null,
          null,
          null,
          null,
          1,
          1,
          1,
          1,
          null,
          null,
          1,
          null,
          1,
          null,
          1,
          1,
          null,
          null,
          1,
          1,
          null,
          null,
          null,
          null,
          null,
          1,
          null,
          1,
          null,
          null,
          null,
          null,
          null,
          null,
          null,
          null,
          null,
          null,
          null,
          null,
          null,
          null
        ]
      },
      "/Users/code/NTHU/2022_Spring/Service-Security/Nova-Corp/e-testament-api/app/services/testators/submit_heir_key.rb": {
        "lines": [
          null,
          null,
          1,
          1,
          1,
          null,
          1,
          1,
          0,
          null,
          0,
          0,
          null,
          0,
          0,
          null,
          null,
          null,
          null,
          null
        ]
      },
      "/Users/code/NTHU/2022_Spring/Service-Security/Nova-Corp/e-testament-api/app/policies/account_policy.rb": {
        "lines": [
          null,
          null,
          1,
          1,
          null,
          1,
          1,
          2,
          2,
          null,
          null,
          1,
          2,
          null,
          null,
          1,
          0,
          null,
          null,
          1,
          0,
          null,
          null,
          1,
          null,
          0,
          null,
          null,
          null,
          null,
          null,
          1,
          null,
          1,
          2,
          null,
          null,
          null,
          null
        ]
      },
      "/Users/code/NTHU/2022_Spring/Service-Security/Nova-Corp/e-testament-api/app/policies/document_policy.rb": {
        "lines": [
          null,
          null,
          1,
          1,
          null,
          1,
          1,
          12,
          12,
          12,
          12,
          null,
          null,
          1,
          3,
          null,
          null,
          1,
          6,
          null,
          null,
          1,
          2,
          null,
          null,
          1,
          1,
          null,
          null,
          1,
          null,
          0,
          null,
          null,
          null,
          null,
          null,
          1,
          null,
          1,
          12,
          null,
          null,
          1,
          0,
          null,
          null,
          1,
          0,
          null,
          null,
          1,
          6,
          null,
          null,
          null,
          null
        ]
      },
      "/Users/code/NTHU/2022_Spring/Service-Security/Nova-Corp/e-testament-api/app/policies/heir_policy.rb": {
        "lines": [
          null,
          null,
          1,
          1,
          null,
          1,
          1,
          275,
          275,
          275,
          275,
          null,
          null,
          1,
          261,
          null,
          null,
          1,
          2,
          null,
          null,
          1,
          3,
          null,
          null,
          1,
          7,
          null,
          null,
          1,
          2,
          null,
          null,
          1,
          null,
          0,
          null,
          null,
          null,
          null,
          null,
          null,
          null,
          1,
          null,
          1,
          273,
          null,
          null,
          1,
          6,
          null,
          null,
          1,
          264,
          null,
          null,
          null,
          null
        ]
      },
      "/Users/code/NTHU/2022_Spring/Service-Security/Nova-Corp/e-testament-api/app/policies/property_heir_policy.rb": {
        "lines": [
          null,
          null,
          1,
          1,
          null,
          1,
          null,
          1,
          null,
          237,
          237,
          237,
          237,
          237,
          237,
          null,
          null,
          null,
          1,
          229,
          null,
          null,
          1,
          5,
          null,
          null,
          1,
          3,
          null,
          null,
          1,
          0,
          null,
          null,
          1,
          null,
          0,
          null,
          null,
          null,
          null,
          null,
          null,
          1,
          null,
          1,
          235,
          null,
          null,
          1,
          232,
          null,
          null,
          1,
          0,
          null,
          null,
          1,
          0,
          null,
          null,
          1,
          2,
          null,
          null,
          1,
          227,
          null,
          null,
          null,
          null
        ]
      },
      "/Users/code/NTHU/2022_Spring/Service-Security/Nova-Corp/e-testament-api/app/policies/property_policy.rb": {
        "lines": [
          null,
          null,
          1,
          1,
          null,
          1,
          1,
          232,
          232,
          232,
          232,
          null,
          null,
          1,
          226,
          null,
          null,
          1,
          2,
          null,
          null,
          1,
          3,
          null,
          null,
          1,
          1,
          null,
          null,
          1,
          null,
          0,
          null,
          null,
          null,
          null,
          null,
          null,
          1,
          null,
          1,
          232,
          null,
          null,
          1,
          0,
          null,
          null,
          1,
          0,
          null,
          null,
          1,
          229,
          null,
          null,
          null,
          null
        ]
      },
      "/Users/code/NTHU/2022_Spring/Service-Security/Nova-Corp/e-testament-api/app/policies/testament_policy.rb": {
        "lines": [
          null,
          null,
          1,
          1,
          null,
          1,
          1,
          5,
          5,
          5,
          5,
          null,
          null,
          1,
          3,
          null,
          null,
          1,
          0,
          null,
          null,
          1,
          2,
          null,
          null,
          1,
          0,
          null,
          null,
          1,
          null,
          0,
          null,
          null,
          null,
          null,
          null,
          null,
          1,
          null,
          1,
          3,
          null,
          null,
          1,
          2,
          null,
          null,
          1,
          3,
          null,
          null,
          1,
          2,
          null,
          null,
          1,
          0,
          null,
          null,
          null,
          null
        ]
      },
      "/Users/code/NTHU/2022_Spring/Service-Security/Nova-Corp/e-testament-api/app/controllers/accounts.rb": {
        "lines": [
          null,
          null,
          1,
          null,
          null,
          1,
          null,
          1,
          null,
          1,
          5,
          null,
          null,
          null,
          5,
          3,
          2,
          null,
          1,
          1,
          1,
          null,
          0,
          null,
          1,
          1,
          null,
          1,
          null,
          0,
          0,
          null,
          null,
          2,
          null,
          null,
          null,
          2,
          null,
          2,
          2,
          1,
          null,
          null,
          null,
          null,
          null
        ]
      },
      "/Users/code/NTHU/2022_Spring/Service-Security/Nova-Corp/e-testament-api/app/controllers/app.rb": {
        "lines": [
          null,
          null,
          1,
          1,
          null,
          null,
          1,
          null,
          null,
          1,
          null,
          1,
          null,
          1,
          1,
          1,
          1,
          1,
          null,
          null,
          null,
          null,
          null,
          null,
          1,
          null,
          1,
          96,
          null,
          96,
          null,
          null,
          null,
          96,
          null,
          1,
          null,
          0,
          null,
          null,
          null,
          95,
          1,
          1,
          null,
          null,
          94,
          94,
          94,
          94,
          null,
          2,
          2,
          null,
          null,
          29,
          29,
          null,
          0,
          null,
          0,
          0,
          0,
          null,
          0,
          0,
          0,
          null,
          0,
          null,
          null,
          null,
          null,
          null
        ]
      },
      "/Users/code/NTHU/2022_Spring/Service-Security/Nova-Corp/e-testament-api/app/controllers/helpers.rb": {
        "lines": [
          null,
          null,
          1,
          null,
          1,
          1,
          96,
          null,
          null,
          1,
          96,
          null,
          93,
          93,
          92,
          null,
          null,
          null
        ]
      },
      "/Users/code/NTHU/2022_Spring/Service-Security/Nova-Corp/e-testament-api/app/controllers/auth.rb": {
        "lines": [
          null,
          null,
          1,
          1,
          null,
          null,
          1,
          null,
          1,
          1,
          null,
          null,
          2,
          null,
          0,
          null,
          null,
          null,
          2,
          0,
          null,
          0,
          0,
          null,
          0,
          null,
          0,
          null,
          0,
          0,
          null,
          null,
          2,
          null,
          2,
          2,
          1,
          null,
          1,
          1,
          null,
          null,
          null,
          0,
          null,
          0,
          0,
          0,
          null,
          null,
          0,
          0,
          null,
          null,
          null,
          null,
          null
        ]
      },
      "/Users/code/NTHU/2022_Spring/Service-Security/Nova-Corp/e-testament-api/app/controllers/executors.rb": {
        "lines": [
          null,
          null,
          1,
          null,
          null,
          1,
          null,
          1,
          1,
          null,
          16,
          16,
          16,
          null,
          16,
          null,
          16,
          null,
          null,
          1,
          1,
          1,
          null,
          null,
          null,
          15,
          null,
          4,
          3,
          null,
          1,
          null,
          null,
          null,
          1,
          1,
          null,
          1,
          null,
          null,
          null,
          null,
          null,
          11,
          2,
          2,
          null,
          null,
          null,
          null,
          9,
          9,
          9,
          8,
          8,
          null,
          null,
          null,
          null
        ]
      },
      "/Users/code/NTHU/2022_Spring/Service-Security/Nova-Corp/e-testament-api/app/controllers/heirs.rb": {
        "lines": [
          null,
          null,
          1,
          1,
          null,
          null,
          1,
          null,
          1,
          1,
          null,
          1,
          24,
          24,
          24,
          null,
          24,
          18,
          18,
          null,
          17,
          8,
          6,
          6,
          null,
          6,
          null,
          6,
          3,
          null,
          null,
          null,
          1,
          1,
          1,
          null,
          null,
          null,
          3,
          3,
          3,
          null,
          null,
          1,
          1,
          1,
          null,
          null,
          null,
          null,
          2,
          2,
          null,
          1,
          null,
          null,
          null,
          null,
          null,
          9,
          2,
          1,
          1,
          1,
          null,
          null,
          null,
          null,
          7,
          3,
          3,
          null,
          1,
          1,
          1,
          null,
          null,
          null,
          4,
          4,
          3,
          null,
          null,
          null,
          null,
          6,
          5,
          5,
          null,
          null,
          4,
          4,
          4,
          null,
          null,
          null,
          1,
          1,
          1,
          null,
          0,
          null,
          null,
          null,
          null
        ]
      },
      "/Users/code/NTHU/2022_Spring/Service-Security/Nova-Corp/e-testament-api/app/controllers/properties.rb": {
        "lines": [
          null,
          null,
          1,
          1,
          null,
          null,
          1,
          null,
          1,
          1,
          null,
          1,
          33,
          33,
          33,
          null,
          33,
          30,
          30,
          null,
          26,
          17,
          null,
          17,
          13,
          13,
          null,
          null,
          null,
          8,
          1,
          null,
          1,
          1,
          1,
          null,
          null,
          null,
          null,
          7,
          5,
          null,
          5,
          null,
          null,
          null,
          null,
          2,
          2,
          2,
          null,
          null,
          1,
          1,
          1,
          null,
          null,
          null,
          null,
          null,
          4,
          1,
          1,
          null,
          null,
          null,
          null,
          3,
          3,
          3,
          null,
          3,
          3,
          3,
          null,
          null,
          null,
          9,
          4,
          null,
          4,
          2,
          2,
          null,
          null,
          null,
          2,
          0,
          null,
          null,
          null,
          0,
          0,
          null,
          null,
          null,
          null,
          2,
          0,
          0,
          null,
          null,
          null,
          0,
          0,
          null,
          null,
          null,
          null,
          2,
          2,
          2,
          null,
          null,
          1,
          1,
          null,
          null,
          null,
          null,
          null,
          2,
          2,
          null,
          1,
          null,
          null,
          null,
          null,
          null,
          5,
          1,
          1,
          1,
          1,
          null,
          null,
          null,
          null,
          4,
          2,
          2,
          null,
          null,
          null,
          null,
          2,
          2,
          2,
          null,
          1,
          1,
          1,
          null,
          null,
          null,
          null,
          null,
          3,
          1,
          1,
          null,
          0,
          null,
          null,
          null,
          null,
          2,
          2,
          2,
          null,
          null,
          1,
          1,
          1,
          null,
          null,
          null,
          null
        ]
      },
      "/Users/code/NTHU/2022_Spring/Service-Security/Nova-Corp/e-testament-api/app/controllers/property_types.rb": {
        "lines": [
          null,
          null,
          1,
          null,
          null,
          1,
          null,
          1,
          1,
          null,
          1,
          1,
          1,
          1,
          null,
          null,
          null,
          1,
          0,
          0,
          0,
          0,
          0,
          null,
          null,
          null,
          1,
          1,
          1,
          null,
          null,
          null,
          null
        ]
      },
      "/Users/code/NTHU/2022_Spring/Service-Security/Nova-Corp/e-testament-api/app/controllers/relations.rb": {
        "lines": [
          null,
          null,
          1,
          null,
          null,
          1,
          null,
          1,
          1,
          null,
          0,
          0,
          0,
          null,
          null,
          null,
          null,
          0,
          0,
          0,
          null,
          0,
          0,
          0,
          null,
          null,
          null,
          null,
          0,
          0,
          0,
          null,
          null,
          null,
          null
        ]
      },
      "/Users/code/NTHU/2022_Spring/Service-Security/Nova-Corp/e-testament-api/app/controllers/testament.rb": {
        "lines": [
          null,
          null,
          1,
          null,
          null,
          1,
          null,
          1,
          1,
          null,
          4,
          4,
          4,
          null,
          4,
          null,
          null,
          4,
          3,
          3,
          null,
          null,
          2,
          null,
          null,
          null,
          1,
          0,
          null,
          0,
          null,
          null,
          null,
          1,
          1,
          null,
          1,
          null,
          null,
          null,
          null
        ]
      },
      "/Users/code/NTHU/2022_Spring/Service-Security/Nova-Corp/e-testament-api/app/controllers/testators.rb": {
        "lines": [
          null,
          null,
          1,
          null,
          null,
          1,
          null,
          1,
          1,
          null,
          9,
          null,
          9,
          0,
          0,
          0,
          null,
          0,
          null,
          null,
          null,
          9,
          9,
          null,
          9,
          null,
          9,
          null,
          null,
          1,
          1,
          1,
          null,
          null,
          null,
          8,
          null,
          null,
          7,
          2,
          1,
          null,
          null,
          null,
          null,
          5,
          2,
          null,
          2,
          null,
          null,
          null,
          null,
          3,
          1,
          null,
          1,
          null,
          null,
          null,
          null,
          2,
          1,
          1,
          null,
          null,
          null,
          null,
          1,
          0,
          null,
          0,
          null,
          null,
          1,
          0,
          0,
          0,
          0,
          null,
          0,
          0,
          0,
          null,
          0,
          null,
          0,
          null,
          null,
          null,
          0,
          0,
          0,
          null,
          null,
          null,
          0,
          0,
          0,
          null,
          null,
          null,
          null,
          null,
          null,
          0,
          0,
          null,
          0,
          null,
          null,
          null,
          null,
          null,
          1,
          1,
          1,
          null,
          null,
          null,
          null,
          1,
          1,
          1,
          null,
          null,
          null,
          null
        ]
      },
      "/Users/code/NTHU/2022_Spring/Service-Security/Nova-Corp/e-testament-api/spec/integration/api_accounts_spec.rb": {
        "lines": [
          null,
          null,
          1,
          null,
          1,
          1,
          null,
          1,
          5,
          null,
          5,
          null,
          null,
          null,
          5,
          5,
          null,
          null,
          1,
          null,
          5,
          null,
          null,
          5,
          5,
          5,
          5,
          null,
          null,
          5,
          5,
          null,
          null,
          5,
          5,
          5,
          null,
          null,
          5,
          null,
          null,
          1,
          1,
          null,
          1,
          null,
          null,
          1,
          null,
          1,
          null,
          1,
          1,
          1,
          1,
          null,
          null,
          1,
          null,
          1,
          null,
          null,
          1,
          null,
          null,
          null,
          1,
          1,
          null,
          3,
          null,
          null,
          3,
          3,
          null,
          null,
          1,
          null,
          1,
          null,
          null,
          null,
          null,
          1,
          1,
          null,
          1,
          1,
          null,
          1,
          1,
          1,
          1,
          null,
          null,
          1,
          null,
          1,
          1,
          null,
          null,
          1,
          null,
          null,
          null,
          null,
          1,
          1,
          null,
          null,
          1,
          null,
          1,
          null,
          null,
          1,
          1,
          null,
          null,
          null
        ]
      },
      "/Users/code/NTHU/2022_Spring/Service-Security/Nova-Corp/e-testament-api/spec/integration/api_auth_spec.rb": {
        "lines": [
          null,
          null,
          1,
          null,
          1,
          1,
          null,
          1,
          2,
          2,
          null,
          null,
          1,
          1,
          2,
          2,
          null,
          null,
          1,
          1,
          null,
          1,
          null,
          null,
          null,
          1,
          1,
          1,
          1,
          1,
          1,
          null,
          null,
          1,
          1,
          null,
          null,
          1,
          null,
          null,
          1,
          null,
          1,
          1,
          1,
          null,
          null,
          null,
          null,
          null,
          null,
          null,
          null,
          null,
          null,
          null,
          null,
          null,
          null,
          null,
          null,
          null,
          null,
          null,
          null,
          null,
          null,
          null,
          null,
          null,
          null,
          null,
          null,
          null,
          null,
          null,
          null,
          null,
          null,
          null,
          null,
          null,
          null,
          null,
          null,
          null,
          null,
          null,
          null,
          null,
          null,
          null,
          null,
          null,
          null,
          null,
          null,
          null,
          null
[...]
          1,
          1,
          1,
          1,
          1,
          1,
          1,
          null,
          null,
          null,
          1,
          1,
          null,
          1,
          null,
          null,
          1,
          null,
          null,
          1,
          null,
          null,
          1,
          null,
          1,
          null,
          null,
          1,
          null,
          null,
          1,
          null,
          null,
          1,
          null,
          null,
          1,
          null,
          null,
          1,
          1,
          null,
          null,
          null,
          null,
          null,
          null,
          null,
          null,
          null,
          null,
          null,
          null,
          null,
          null,
          null,
          null,
          null,
          null,
          null,
          null,
          null,
          null,
          null,
          null,
          null,
          null,
          1,
          1,
          1,
          null,
          1,
          1,
          null,
          null,
          1,
          null,
          1,
          null,
          null,
          1,
          null,
          null,
          1,
          null,
          1,
          null,
          1,
          1,
          1,
          1,
          1,
          1,
          null,
          null,
          null,
          1,
          1,
          null,
          1,
          1,
          1,
          null,
          null,
          1,
          null,
          null,
          1,
          1,
          1,
          null,
          null,
          1,
          null,
          1,
          null,
          null,
          1,
          null,
          null,
          1,
          1,
          null,
          1,
          1,
          1,
          null,
          null,
          1,
          null,
          null,
          1,
          1,
          1,
          null,
          null,
          1,
          null,
          1,
          null,
          null,
          1,
          null,
          null,
          null
        ]
      },
      "/Users/code/NTHU/2022_Spring/Service-Security/Nova-Corp/e-testament-api/spec/integration/api_heirs_spec.rb": {
        "lines": [
          null,
          null,
          1,
          null,
          1,
          1,
          null,
          1,
          31,
          null,
          31,
          null,
          null,
          null,
          31,
          31,
          null,
          null,
          1,
          null,
          21,
          null,
          null,
          21,
          21,
          21,
          21,
          null,
          null,
          21,
          21,
          21,
          null,
          null,
          21,
          21,
          21,
          21,
          21,
          null,
          null,
          21,
          null,
          null,
          1,
          1,
          null,
          1,
          null,
          null,
          1,
          1,
          1,
          null,
          null,
          null,
          1,
          1,
          null,
          1,
          null,
          null,
          1,
          null,
          null,
          1,
          1,
          1,
          1,
          null,
          null,
          1,
          null,
          1,
          null,
          null,
          1,
          null,
          null,
          1,
          null,
          null,
          1,
          1,
          null,
          null,
          1,
          1,
          1,
          1,
          null,
          null,
          1,
          null,
          1,
          null,
          null,
          1,
          1,
          null,
          null,
          1,
          null,
          null,
          1,
          null,
          1,
          null,
          null,
          1,
          null,
          null,
          null,
          1,
          1,
          null,
          1,
          1,
          null,
          null,
          1,
          null,
          null,
          1,
          null,
          null,
          1,
          null,
          null,
          1,
          1,
          null,
          null,
          1,
          null,
          1,
          1,
          null,
          null,
          1,
          null,
          null,
          1,
          null,
          null,
          1,
          1,
          null,
          null,
          1,
          null,
          null,
          1,
          null,
          1,
          null,
          null,
          1,
          null,
          null,
          1,
          null,
          null,
          1,
          null,
          null,
          null,
          1,
          1,
          null,
          1,
          null,
          1,
          1,
          1,
          1,
          null,
          null,
          1,
          null,
          null,
          1,
          null,
          null,
          1,
          null,
          1,
          null,
          1,
          1,
          null,
          1,
          1,
          1,
          null,
          null,
          1,
          null,
          null,
          1,
          null,
          null,
          1,
          null,
          1,
          1,
          null,
          1,
          1,
          null,
          1,
          null,
          null,
          1,
          null,
          null,
          1,
          null,
          null,
          null,
          1,
          1,
          null,
          1,
          1,
          null,
          null,
          1,
          null,
          null,
          1,
          null,
          null,
          1,
          null,
          1,
          1,
          null,
          null,
          1,
          null,
          null,
          1,
          null,
          null,
          null,
          1,
          1,
          null,
          2,
          null,
          null,
          1,
          null,
          null,
          1,
          1,
          null,
          null,
          1,
          null,
          1,
          1,
          1,
          1,
          null,
          null,
          1,
          null,
          null,
          1,
          null,
          null,
          null,
          1,
          1,
          null,
          1,
          1,
          1,
          null,
          1,
          null,
          null,
          1,
          null,
          null,
          1,
          1,
          1,
          1,
          1,
          null,
          null,
          1,
          null,
          1,
          1,
          1,
          null,
          1,
          1,
          null,
          null,
          1,
          null,
          null,
          1,
          null,
          null,
          1,
          null,
          1,
          1,
          1,
          null,
          1,
          1,
          null,
          null,
          1,
          null,
          null,
          1,
          null,
          null,
          null,
          1,
          1,
          null,
          2,
          1,
          null,
          null,
          1,
          null,
          null,
          1,
          1,
          1,
          null,
          null,
          1,
          null,
          2,
          1,
          1,
          null,
          null,
          1,
          null,
          null,
          1,
          null,
          null,
          1,
          null,
          2,
          1,
          1,
          null,
          null,
          1,
          null,
          null,
          1,
          null,
          null,
          null
        ]
      },
      "/Users/code/NTHU/2022_Spring/Service-Security/Nova-Corp/e-testament-api/spec/integration/api_properties_spec.rb": {
        "lines": [
          null,
          null,
          1,
          null,
          1,
          1,
          null,
          1,
          17,
          null,
          17,
          null,
          null,
          null,
          17,
          17,
          null,
          null,
          1,
          null,
          15,
          null,
          null,
          15,
          15,
          15,
          15,
          null,
          null,
          15,
          15,
          15,
          null,
          null,
          15,
          15,
          15,
          15,
          15,
          null,
          null,
          15,
          null,
          null,
          1,
          1,
          null,
          null,
          null,
          null,
          null,
          null,
          null,
          null,
          null,
          null,
          null,
          1,
          1,
          1,
          null,
          1,
          1,
          null,
          null,
          1,
          1,
          1,
          1,
          null,
          1,
          1,
          null,
          null,
          null,
          null,
          1,
          1,
          null,
          1,
          1,
          null,
          1,
          1,
          1,
          null,
          null,
          1,
          1,
          null,
          1,
          null,
          null,
          1,
          1,
          null,
          null,
          1,
          1,
          null,
          null,
          1,
          1,
          1,
          1,
          null,
          1,
          1,
          null,
          1,
          1,
          null,
          1,
          1,
          1,
          null,
          null,
          1,
          1,
          1,
          1,
          1,
          1,
          null,
          1,
          1,
          null,
          null,
          1,
          1,
          1,
          null,
          1,
          1,
          null,
          1,
          1,
          null,
          null,
          1,
          1,
          null,
          1,
          1,
          1,
          null,
          1,
          1,
          1,
          1,
          1,
          null,
          1,
          1,
          1,
          1,
          1,
          null,
          null,
          1,
          1,
          null,
          1,
          1,
          null,
          null,
          1,
          1,
          null,
          1,
          1,
          1,
          null,
          null,
          1,
          null,
          null,
          1,
          1,
          null,
          null,
          1,
          1,
          null,
          1,
          null,
          null,
          1,
          null,
          null,
          1,
          1,
          null,
          null,
          1,
          null,
          1,
          1,
          null,
          null,
          1,
          null,
          null,
          1,
          null,
          null,
          null,
          1,
          1,
          null,
          1,
          1,
          1,
          null,
          null,
          1,
          null,
          null,
          null,
          1,
          1,
          null,
          null,
          1,
          null,
          1,
          1,
          1,
          null,
          1,
          null,
          null,
          1,
          null,
          null,
          null,
          1,
          1,
          null,
          null,
          null
        ]
      },
      "/Users/code/NTHU/2022_Spring/Service-Security/Nova-Corp/e-testament-api/spec/integration/api_property_types_spec.rb": {
        "lines": [
          null,
          null,
          1,
          null,
          1,
          1,
          null,
          1,
          1,
          null,
          1,
          null,
          null,
          null,
          1,
          1,
          null,
          null,
          1,
          null,
          1,
          null,
          null,
          1,
          1,
          1,
          1,
          null,
          null,
          1,
          1,
          1,
          null,
          null,
          1,
          1,
          1,
          1,
          1,
          null,
          null,
          1,
          null,
          null,
          1,
          1,
          1,
          1,
          null,
          1,
          1,
          null,
          null,
          null
        ]
      },
      "/Users/code/NTHU/2022_Spring/Service-Security/Nova-Corp/e-testament-api/spec/integration/api_spec.rb": {
        "lines": [
          null,
          null,
          1,
          1,
          1,
          1,
          1,
          null,
          1,
          1,
          null,
          1,
          79,
          null,
          null,
          1,
          1,
          null,
          1,
          1,
          1,
          null,
          null
        ]
      },
      "/Users/code/NTHU/2022_Spring/Service-Security/Nova-Corp/e-testament-api/spec/integration/api_testaments_spec.rb": {
        "lines": [
          null,
          null,
          1,
          null,
          1,
          1,
          null,
          1,
          3,
          null,
          3,
          null,
          null,
          null,
          3,
          3,
          null,
          null,
          1,
          null,
          3,
          null,
          null,
          3,
          3,
          3,
          3,
          null,
          3,
          3,
          3,
          null,
          null,
          3,
          null,
          null,
          1,
          1,
          1,
          1,
          null,
          1,
          1,
          null,
          null,
          null,
          1,
          1,
          null,
          1,
          2,
          2,
          null,
          null,
          1,
          null,
          1,
          null,
          1,
          1,
          null,
          null,
          1,
          null,
          1,
          null,
          1,
          null,
          null,
          null
        ]
      },
      "/Users/code/NTHU/2022_Spring/Service-Security/Nova-Corp/e-testament-api/spec/integration/api_testators_spec.rb": {
        "lines": [
          null,
          null,
          1,
          null,
          1,
          1,
          null,
          1,
          19,
          null,
          19,
          null,
          null,
          null,
          19,
          19,
          null,
          null,
          1,
          null,
          8,
          null,
          null,
          8,
          8,
          null,
          null,
          8,
          8,
          null,
          null,
          8,
          8,
          8,
          null,
          null,
          8,
          null,
          null,
          1,
          1,
          4,
          null,
          1,
          1,
          null,
          1,
          null,
          null,
          1,
          1,
          1,
          null,
          1,
          1,
          1,
          1,
          1,
          1,
          null,
          null,
          null,
          1,
          1,
          null,
          1,
          null,
          null,
          1,
          1,
          1,
          1,
          1,
          1,
          1,
          null,
          null,
          null,
          1,
          1,
          null,
          1,
          null,
          null,
          1,
          null,
          1,
          1,
          null,
          1,
          1,
          1,
          1,
          null,
          null,
          1,
          1,
          null,
          1,
          null,
          1,
          null,
          null,
          null,
          null,
          1,
          1,
          4,
          null,
          4,
          4,
          null,
          null,
          1,
          1,
          null,
          1,
          null,
          null,
          1,
          null,
          null,
          1,
          1,
          null,
          1,
          1,
          1,
          1,
          1,
          null,
          null,
          null,
          1,
          1,
          null,
          1,
          null,
          null,
          1,
          1,
          null,
          null,
          1,
          1,
          null,
          1,
          1,
          1,
          null,
          null,
          null,
          1,
          1,
          null,
          1,
          null,
          null,
          1,
          1,
          null,
          null,
          1,
          null,
          null,
          1,
          1,
          1,
          null,
          null,
          null,
          1,
          1,
          null,
          1,
          null,
          null,
          1,
          1,
          1,
          1,
          null,
          1,
          1,
          1,
          1,
          1,
          null,
          1,
          2,
          2,
          null,
          null,
          null,
          null,
          1,
          1,
          1,
          null,
          null,
          1,
          1,
          null,
          null,
          1,
          1,
          1,
          null,
          1,
          1,
          null,
          null,
          1,
          null,
          1,
          null,
          null,
          1,
          1,
          null,
          null,
          null,
          null
        ]
      },
      "/Users/code/NTHU/2022_Spring/Service-Security/Nova-Corp/e-testament-api/spec/integration/service_authenticate_account_spec.rb": {
        "lines": [
          null,
          null,
          1,
          null,
          1,
          1,
          3,
          null,
          3,
          9,
          null,
          null,
          null,
          1,
          1,
          1,
          null,
          null,
          1,
          null,
          null,
          1,
          1,
          1,
          1,
          null,
          null,
          null,
          null,
          null,
          1,
          1,
          1,
          null,
          null,
          null,
          null,
          null
        ]
      },
      "/Users/code/NTHU/2022_Spring/Service-Security/Nova-Corp/e-testament-api/spec/unit/json_symbolize_spec.rb": {
        "lines": [
          null,
          null,
          1,
          null,
          1,
          1,
          1,
          1,
          null,
          1,
          1,
          null,
          null
        ]
      },
      "/Users/code/NTHU/2022_Spring/Service-Security/Nova-Corp/e-testament-api/spec/unit/passwords_spec.rb": {
        "lines": [
          null,
          null,
          1,
          null,
          1,
          1,
          1,
          1,
          null,
          1,
          null,
          null,
          1,
          1,
          1,
          null,
          1,
          1,
          null,
          null,
          1,
          1,
          1,
          1,
          null,
          1,
          1,
          null,
          null
        ]
      },
      "/Users/code/NTHU/2022_Spring/Service-Security/Nova-Corp/e-testament-api/spec/unit/secure_db_spec.rb": {
        "lines": [
          null,
          null,
          1,
          null,
          1,
          1,
          1,
          1,
          1,
          null,
          null,
          1,
          1,
          1,
          1,
          1,
          null,
          null,
          1,
          1,
          1,
          1,
          1,
          null,
          null
        ]
      },
      "/Users/code/NTHU/2022_Spring/Service-Security/Nova-Corp/e-testament-api/spec/unit/shamir_secret_sharing_spec.rb": {
        "lines": [
          null,
          null,
          1,
          null,
          1,
          1,
          1,
          null,
          null,
          1,
          1,
          1,
          1,
          1,
          null,
          null,
          1,
          1,
          1,
          4,
          4,
          null,
          null,
          null
        ]
      }
    },
    "timestamp": 1655610788
  }
}
